[debug] [2026-03-21T12:19:22.248Z] ----------------------------------------------------------------------
[debug] [2026-03-21T12:19:22.256Z] Command:       /opt/homebrew/Cellar/node/25.8.1_1/bin/node /opt/homebrew/bin/firebase init
[debug] [2026-03-21T12:19:22.256Z] CLI Version:   15.11.0
[debug] [2026-03-21T12:19:22.256Z] Platform:      darwin
[debug] [2026-03-21T12:19:22.256Z] Node Version:  v25.8.1
[debug] [2026-03-21T12:19:22.256Z] Time:          Sat Mar 21 2026 17:49:22 GMT+0530 (India Standard Time)
[debug] [2026-03-21T12:19:22.256Z] ----------------------------------------------------------------------
[debug] 
[debug] [2026-03-21T12:19:22.257Z] >>> [apiv2][query] GET https://firebase-public.firebaseio.com/cli.json [none]
[info] 
     ######## #### ########  ######## ########     ###     ######  ########
     ##        ##  ##     ## ##       ##     ##  ##   ##  ##       ##
     ######    ##  ########  ######   ########  #########  ######  ######
     ##        ##  ##    ##  ##       ##     ## ##     ##       ## ##
     ##       #### ##     ## ######## ########  ##     ##  ######  ########

You're about to initialize a Firebase project in this directory:

  /Users/dayananda/Dayananda/MCA/MAD_PROJECT/Happ

[debug] [2026-03-21T12:19:23.378Z] <<< [apiv2][status] GET https://firebase-public.firebaseio.com/cli.json 200
[debug] [2026-03-21T12:19:23.378Z] <<< [apiv2][body] GET https://firebase-public.firebaseio.com/cli.json {"cloudBuildErrorAfter":1594252800000,"cloudBuildWarnAfter":1590019200000,"defaultNode10After":1594252800000,"minVersion":"3.0.5","node8DeploysDisabledAfter":1613390400000,"node8RuntimeDisabledAfter":1615809600000,"node8WarnAfter":1600128000000}
[debug] [2026-03-25T14:11:26.068Z] ----------------------------------------------------------------------
[debug] [2026-03-25T14:11:26.073Z] Command:       /opt/homebrew/Cellar/node/25.8.1_1/bin/node /opt/homebrew/bin/firebase init
[debug] [2026-03-25T14:11:26.074Z] CLI Version:   15.11.0
[debug] [2026-03-25T14:11:26.074Z] Platform:      darwin
[debug] [2026-03-25T14:11:26.074Z] Node Version:  v25.8.1
[debug] [2026-03-25T14:11:26.074Z] Time:          Wed Mar 25 2026 19:41:26 GMT+0530 (India Standard Time)
[debug] [2026-03-25T14:11:26.074Z] ----------------------------------------------------------------------
[debug] 
[debug] [2026-03-25T14:11:26.074Z] >>> [apiv2][query] GET https://firebase-public.firebaseio.com/cli.json [none]
[info] 
     ######## #### ########  ######## ########     ###     ######  ########
     ##        ##  ##     ## ##       ##     ##  ##   ##  ##       ##
     ######    ##  ########  ######   ########  #########  ######  ######
     ##        ##  ##    ##  ##       ##     ## ##     ##       ## ##
     ##       #### ##     ## ######## ########  ##     ##  ######  ########

You're about to initialize a Firebase project in this directory:

  /Users/dayananda/Dayananda/MCA/MAD_PROJECT/Happ

[debug] [2026-03-25T14:11:27.290Z] <<< [apiv2][status] GET https://firebase-public.firebaseio.com/cli.json 200
[debug] [2026-03-25T14:11:27.290Z] <<< [apiv2][body] GET https://firebase-public.firebaseio.com/cli.json {"cloudBuildErrorAfter":1594252800000,"cloudBuildWarnAfter":1590019200000,"defaultNode10After":1594252800000,"minVersion":"3.0.5","node8DeploysDisabledAfter":1613390400000,"node8RuntimeDisabledAfter":1615809600000,"node8WarnAfter":1600128000000}
[debug] [2026-03-25T14:11:32.023Z] ExitPromptError: User force closed the prompt with SIGINT
    at Interface.sigint (/opt/homebrew/Cellar/firebase-cli/15.11.0/libexec/lib/node_modules/firebase-tools/node_modules/@inquirer/core/dist/commonjs/lib/create-prompt.js:101:37)
    at Interface.emit (node:events:508:20)
    at [_ttyWrite] [as _ttyWrite] (node:internal/readline/interface:1327:18)
    at ReadStream.onkeypress (node:internal/readline/interface:284:20)
    at ReadStream.emit (node:events:520:22)
    at emitKeys (node:internal/readline/utils:371:14)
    at emitKeys.next (<anonymous>)
    at ReadStream.onData (node:internal/readline/emitKeypressEvents:64:36)
    at ReadStream.emit (node:events:508:20)
    at addChunk (node:internal/streams/readable:564:12)
[error] 
[error] Error: An unexpected error has occurred.
